{
  "RSpec": {
    "coverage": {
      "/Users/SamFolorunsho/CODE Projects/Makers Academy/acebook_irrelevant_pests/spec/controllers/pages_controller_spec.rb": [
        1,
        null,
        1,
        null,
        null
      ],
      "/Users/SamFolorunsho/CODE Projects/Makers Academy/acebook_irrelevant_pests/spec/rails_helper.rb": [
        null,
        1,
        1,
        null,
        1,
        1,
        1,
        null,
        null,
        null,
        null,
        null,
        null,
        null,
        null,
        null,
        null,
        null,
        null,
        null,
        null,
        null,
        null,
        null,
        null,
        null,
        1,
        null,
        1,
        null,
        1,
        null,
        null,
        null,
        null,
        1,
        null,
        null,
        null,
        null,
        null,
        null,
        null,
        null,
        null,
        null,
        null,
        null,
        null,
        null,
        1,
        null,
        null,
        1,
        null,
        null,
        null
      ],
      "/Users/SamFolorunsho/CODE Projects/Makers Academy/acebook_irrelevant_pests/config/environment.rb": [
        null,
        1,
        null,
        null,
        1
      ],
      "/Users/SamFolorunsho/CODE Projects/Makers Academy/acebook_irrelevant_pests/config/application.rb": [
        1,
        null,
        1,
        null,
        null,
        null,
        1,
        null,
        1,
        1,
        null,
        1,
        null,
        null,
        null,
        null,
        null,
        null
      ],
      "/Users/SamFolorunsho/CODE Projects/Makers Academy/acebook_irrelevant_pests/config/boot.rb": [
        1,
        null,
        1
      ],
      "/Users/SamFolorunsho/CODE Projects/Makers Academy/acebook_irrelevant_pests/config/environments/test.rb": [
        1,
        null,
        null,
        null,
        null,
        null,
        null,
        1,
        null,
        null,
        null,
        null,
        1,
        null,
        null,
        1,
        1,
        null,
        null,
        null,
        null,
        1,
        1,
        null,
        null,
        1,
        null,
        null,
        1,
        1,
        null,
        null,
        null,
        null,
        1,
        null,
        null,
        1,
        null,
        null,
        null,
        null
      ],
      "/Users/SamFolorunsho/CODE Projects/Makers Academy/acebook_irrelevant_pests/config/initializers/application_controller_renderer.rb": [
        null,
        null,
        null,
        null,
        null,
        null
      ],
      "/Users/SamFolorunsho/CODE Projects/Makers Academy/acebook_irrelevant_pests/config/initializers/assets.rb": [
        null,
        null,
        null,
        1,
        null,
        null,
        null,
        null,
        1,
        null,
        null,
        null,
        null,
        null
      ],
      "/Users/SamFolorunsho/CODE Projects/Makers Academy/acebook_irrelevant_pests/config/initializers/backtrace_silencers.rb": [
        null,
        null,
        null,
        null,
        null,
        null,
        null
      ],
      "/Users/SamFolorunsho/CODE Projects/Makers Academy/acebook_irrelevant_pests/config/initializers/cookies_serializer.rb": [
        null,
        null,
        null,
        null,
        1
      ],
      "/Users/SamFolorunsho/CODE Projects/Makers Academy/acebook_irrelevant_pests/config/initializers/filter_parameter_logging.rb": [
        null,
        null,
        null,
        1
      ],
      "/Users/SamFolorunsho/CODE Projects/Makers Academy/acebook_irrelevant_pests/config/initializers/inflections.rb": [
        null,
        null,
        null,
        null,
        null,
        null,
        null,
        null,
        null,
        null,
        null,
        null,
        null,
        null,
        null,
        null
      ],
      "/Users/SamFolorunsho/CODE Projects/Makers Academy/acebook_irrelevant_pests/config/initializers/mime_types.rb": [
        null,
        null,
        null,
        null
      ],
      "/Users/SamFolorunsho/CODE Projects/Makers Academy/acebook_irrelevant_pests/config/initializers/wrap_parameters.rb": [
        null,
        null,
        null,
        null,
        null,
        null,
        1,
        2,
        null,
        null,
        null,
        null,
        null,
        null
      ],
      "/Users/SamFolorunsho/CODE Projects/Makers Academy/acebook_irrelevant_pests/config/routes.rb": [
        1,
        null,
        1,
        null,
        1,
        1,
        null,
        1,
        1,
        null
      ],
      "/Users/SamFolorunsho/CODE Projects/Makers Academy/acebook_irrelevant_pests/app/helpers/application_helper.rb": [
        1,
        null
      ],
      "/Users/SamFolorunsho/CODE Projects/Makers Academy/acebook_irrelevant_pests/app/helpers/pages_helper.rb": [
        1,
        null
      ],
      "/Users/SamFolorunsho/CODE Projects/Makers Academy/acebook_irrelevant_pests/app/helpers/sessions_helper.rb": [
        1,
        null
      ],
      "/Users/SamFolorunsho/CODE Projects/Makers Academy/acebook_irrelevant_pests/app/helpers/users_helper.rb": [
        1,
        null
      ],
      "/Users/SamFolorunsho/CODE Projects/Makers Academy/acebook_irrelevant_pests/app/controllers/pages_controller.rb": [
        1,
        null
      ],
      "/Users/SamFolorunsho/CODE Projects/Makers Academy/acebook_irrelevant_pests/app/controllers/application_controller.rb": [
        1,
        1,
        null
      ],
      "/Users/SamFolorunsho/CODE Projects/Makers Academy/acebook_irrelevant_pests/spec/controllers/posts_controller_spec.rb": [
        1,
        null,
        1,
        1,
        1,
        1,
        1,
        null,
        null,
        null,
        1,
        1,
        1,
        1,
        null,
        null,
        1,
        1,
        1,
        null,
        null,
        null,
        1,
        1,
        1,
        1,
        null,
        null,
        null
      ],
      "/Users/SamFolorunsho/CODE Projects/Makers Academy/acebook_irrelevant_pests/app/controllers/posts_controller.rb": [
        1,
        1,
        null,
        2,
        null,
        null,
        1,
        null,
        3,
        3,
        null,
        null,
        1,
        3,
        null,
        null,
        null,
        1,
        null,
        1,
        null,
        3,
        null,
        null
      ],
      "/Users/SamFolorunsho/CODE Projects/Makers Academy/acebook_irrelevant_pests/spec/controllers/sessions_controller_spec.rb": [
        1,
        null,
        1,
        null
      ],
      "/Users/SamFolorunsho/CODE Projects/Makers Academy/acebook_irrelevant_pests/app/controllers/sessions_controller.rb": [
        1,
        1,
        null,
        null
      ],
      "/Users/SamFolorunsho/CODE Projects/Makers Academy/acebook_irrelevant_pests/spec/controllers/users_controller_spec.rb": [
        1,
        null,
        1,
        1,
        1,
        1,
        1,
        null,
        null,
        null
      ],
      "/Users/SamFolorunsho/CODE Projects/Makers Academy/acebook_irrelevant_pests/app/controllers/users_controller.rb": [
        1,
        null,
        1,
        null,
        null,
        null,
        1,
        2,
        2,
        2,
        2,
        null,
        0,
        null,
        null,
        null,
        1,
        1,
        null,
        null,
        1,
        null,
        1,
        2,
        null,
        null,
        null,
        null,
        null,
        null,
        null,
        null,
        null,
        null,
        null
      ],
      "/Users/SamFolorunsho/CODE Projects/Makers Academy/acebook_irrelevant_pests/spec/features/signup_spec.rb": [
        1,
        1,
        1,
        1,
        1,
        1,
        1,
        1,
        1,
        null,
        1,
        null,
        1,
        null,
        null
      ],
      "/Users/SamFolorunsho/CODE Projects/Makers Academy/acebook_irrelevant_pests/spec/features/user_can_submit_posts_spec.rb": [
        1,
        null,
        1,
        1,
        1,
        1,
        1,
        1,
        1,
        null,
        null
      ],
      "/Users/SamFolorunsho/CODE Projects/Makers Academy/acebook_irrelevant_pests/spec/helpers/pages_helper_spec.rb": [
        1,
        null,
        null,
        null,
        null,
        null,
        null,
        null,
        null,
        null,
        null,
        null,
        null,
        null,
        null
      ],
      "/Users/SamFolorunsho/CODE Projects/Makers Academy/acebook_irrelevant_pests/spec/helpers/sessions_helper_spec.rb": [
        1,
        null,
        null,
        null,
        null,
        null,
        null,
        null,
        null,
        null,
        null,
        null,
        null,
        null,
        null
      ],
      "/Users/SamFolorunsho/CODE Projects/Makers Academy/acebook_irrelevant_pests/spec/helpers/users_helper_spec.rb": [
        1,
        null,
        null,
        null,
        null,
        null,
        null,
        null,
        null,
        null,
        null,
        null,
        null,
        null,
        null
      ],
      "/Users/SamFolorunsho/CODE Projects/Makers Academy/acebook_irrelevant_pests/spec/models/post_spec.rb": [
        1,
        null,
        1,
        2,
        null
      ],
      "/Users/SamFolorunsho/CODE Projects/Makers Academy/acebook_irrelevant_pests/app/models/post.rb": [
        1,
        null
      ],
      "/Users/SamFolorunsho/CODE Projects/Makers Academy/acebook_irrelevant_pests/app/models/application_record.rb": [
        1,
        1,
        null
      ],
      "/Users/SamFolorunsho/CODE Projects/Makers Academy/acebook_irrelevant_pests/spec/models/user_spec.rb": [
        1,
        null,
        1,
        2,
        null,
        1,
        1,
        1,
        1,
        null,
        null
      ],
      "/Users/SamFolorunsho/CODE Projects/Makers Academy/acebook_irrelevant_pests/app/models/user.rb": [
        1,
        1,
        null
      ]
    },
    "timestamp": 1579087676
  }
}
